<?xml version="1.0" encoding="UTF-8"?>
<!-- Generated by org.testng.reporters.JUnitXMLReporter -->
<testsuite hostname="LAPTOP-SOVQ8MF1" ignored="0" name="CartpageTest" tests="3" failures="0" timestamp="21 May 2019 14:52:16 GMT" time="72.811" errors="0">
  <testcase name="ScreenshotCartPage" time="0.484" classname="com.callhub.flipkart.tests.CartPageTest"/>
  <testcase name="removeFromCart" time="0.787" classname="com.callhub.flipkart.tests.CartPageTest"/>
  <testcase name="logoutfromAppinCart" time="1.801" classname="com.callhub.flipkart.tests.CartPageTest"/>
</testsuite> <!-- CartpageTest -->
