<?xml version="1.0" encoding="UTF-8"?>
<!-- Generated by org.testng.reporters.JUnitXMLReporter -->
<testsuite hostname="LAPTOP-SOVQ8MF1" ignored="0" name="CartpageTest" tests="3" failures="0" timestamp="21 May 2019 16:20:48 GMT" time="86.985" errors="0">
  <testcase name="ScreenshotCartPage" time="0.589" classname="com.callhub.flipkart.tests.CartPageTest"/>
  <testcase name="removeFromCart" time="0.171" classname="com.callhub.flipkart.tests.CartPageTest"/>
  <testcase name="logoutfromAppinCart" time="1.216" classname="com.callhub.flipkart.tests.CartPageTest"/>
</testsuite> <!-- CartpageTest -->
