<?xml version="1.0" encoding="UTF-8"?>
<!-- Generated by org.testng.reporters.JUnitXMLReporter -->
<testsuite hostname="LAPTOP-SOVQ8MF1" ignored="0" name="HomePageTest" tests="3" failures="0" timestamp="21 May 2019 14:50:03 GMT" time="58.865" errors="0">
  <testcase name="verifyHomePageTitileTest" time="0.009" classname="com.callhub.flipkart.tests.HomepageTest"/>
  <testcase name="verifyHomepageCorrectSignIn" time="0.077" classname="com.callhub.flipkart.tests.HomepageTest"/>
  <testcase name="searchProductFromHomepage" time="3.287" classname="com.callhub.flipkart.tests.HomepageTest"/>
</testsuite> <!-- HomePageTest -->
