<?xml version="1.0" encoding="UTF-8"?>
<!-- Generated by org.testng.reporters.JUnitXMLReporter -->
<testsuite hostname="LAPTOP-SOVQ8MF1" ignored="0" name="SearchPageTest" tests="2" failures="0" timestamp="21 May 2019 14:50:38 GMT" time="35.854" errors="0">
  <testcase name="countProductsOnPageinSearchPage" time="0.773" classname="com.callhub.flipkart.tests.SearchPageTest"/>
  <testcase name="clickonProductinSearchPage" time="0.186" classname="com.callhub.flipkart.tests.SearchPageTest"/>
</testsuite> <!-- SearchPageTest -->
