<?xml version="1.0" encoding="UTF-8"?>
<!-- Generated by org.testng.reporters.JUnitXMLReporter -->
<testsuite hostname="LAPTOP-SOVQ8MF1" ignored="0" name="Default test" tests="3" failures="0" timestamp="19 May 2019 15:58:20 GMT" time="54.92" errors="0">
  <testcase name="ScreenshotPage" time="0.395" classname="com.callhub.flipkart.tests.CartPageTest"/>
  <testcase name="removeFromCart" time="0.244" classname="com.callhub.flipkart.tests.CartPageTest"/>
  <testcase name="logoutfromApp" time="1.253" classname="com.callhub.flipkart.tests.CartPageTest"/>
</testsuite> <!-- Default test -->
