<?xml version="1.0" encoding="UTF-8"?>
<!-- Generated by org.testng.reporters.JUnitXMLReporter -->
<testsuite hostname="LAPTOP-SOVQ8MF1" ignored="1" name="Default test" tests="1" failures="0" timestamp="19 May 2019 15:04:03 GMT" time="19.874" errors="0">
  <testcase name="removeFromCart" time="0.232" classname="com.callhub.flipkart.tests.CartPageTest"/>
  <testcase name="ScreenshotPage" time="0.0" classname="com.callhub.flipkart.tests.CartPageTest">
    <ignored/>
  </testcase> <!-- ScreenshotPage -->
</testsuite> <!-- Default test -->
