<?xml version="1.0" encoding="UTF-8"?>
<!-- Generated by org.testng.reporters.JUnitXMLReporter -->
<testsuite hostname="LAPTOP-SOVQ8MF1" ignored="2" name="CartpageTest(failed)" tests="1" failures="0" timestamp="19 May 2019 16:44:11 GMT" time="24.469" errors="0">
  <testcase name="logoutfromApp" time="1.628" classname="com.callhub.flipkart.tests.CartPageTest"/>
  <testcase name="ScreenshotPage" time="0.0" classname="com.callhub.flipkart.tests.CartPageTest">
    <ignored/>
  </testcase> <!-- ScreenshotPage -->
  <testcase name="removeFromCart" time="0.0" classname="com.callhub.flipkart.tests.CartPageTest">
    <ignored/>
  </testcase> <!-- removeFromCart -->
</testsuite> <!-- CartpageTest(failed) -->
