<?xml version="1.0" encoding="UTF-8"?>
<!-- Generated by org.testng.reporters.JUnitXMLReporter -->
<testsuite hostname="LAPTOP-SOVQ8MF1" ignored="0" name="CartpageTest(failed)" tests="5" failures="1" timestamp="21 May 2019 14:06:32 GMT" time="199.893" errors="0">
  <testcase name="ScreenshotCartPage" time="0.209" classname="com.callhub.flipkart.tests.CartPageTest"/>
  <testcase name="removeFromCart" time="0.01" classname="com.callhub.flipkart.tests.CartPageTest">
    <skipped/>
  </testcase> <!-- removeFromCart -->
  <testcase name="removeFromCart" time="0.008" classname="com.callhub.flipkart.tests.CartPageTest">
    <skipped/>
  </testcase> <!-- removeFromCart -->
  <testcase name="removeFromCart" time="0.008" classname="com.callhub.flipkart.tests.CartPageTest">
    <failure type="java.lang.AssertionError" message="Not in cart page!">
      <![CDATA[java.lang.AssertionError: Not in cart page!
at com.callhub.flipkart.tests.CartPageTest.removeFromCart(CartPageTest.java:82)
... Removed 26 stack frames]]>
    </failure>
  </testcase> <!-- removeFromCart -->
  <testcase name="logoutfromAppinCart" time="1.935" classname="com.callhub.flipkart.tests.CartPageTest"/>
</testsuite> <!-- CartpageTest(failed) -->
