<?xml version="1.0" encoding="UTF-8"?>
<testng-results skipped="0" failed="1" ignored="0" total="3" passed="2">
  <reporter-output>
  </reporter-output>
  <suite name="Default suite" duration-ms="47831" started-at="2019-05-20T02:18:54Z" finished-at="2019-05-20T02:19:42Z">
    <groups>
    </groups>
    <test name="Default test" duration-ms="47831" started-at="2019-05-20T02:18:54Z" finished-at="2019-05-20T02:19:42Z">
      <class name="com.callhub.flipkart.tests.HomepageTest">
        <test-method status="PASS" signature="setUp()[pri:0, instance:com.callhub.flipkart.tests.HomepageTest@747ddf94]" name="setUp" is-config="true" duration-ms="14905" started-at="2019-05-20T02:18:54Z" finished-at="2019-05-20T02:19:09Z">
          <reporter-output>
          </reporter-output>
        </test-method> <!-- setUp -->
        <test-method status="PASS" signature="verifyHomePageTitileTest()[pri:1, instance:com.callhub.flipkart.tests.HomepageTest@747ddf94]" name="verifyHomePageTitileTest" duration-ms="11" started-at="2019-05-20T02:19:09Z" finished-at="2019-05-20T02:19:09Z">
          <reporter-output>
          </reporter-output>
        </test-method> <!-- verifyHomePageTitileTest -->
        <test-method status="PASS" signature="teardown()[pri:0, instance:com.callhub.flipkart.tests.HomepageTest@747ddf94]" name="teardown" is-config="true" duration-ms="2325" started-at="2019-05-20T02:19:09Z" finished-at="2019-05-20T02:19:11Z">
          <reporter-output>
          </reporter-output>
        </test-method> <!-- teardown -->
        <test-method status="PASS" signature="setUp()[pri:0, instance:com.callhub.flipkart.tests.HomepageTest@747ddf94]" name="setUp" is-config="true" duration-ms="14164" started-at="2019-05-20T02:19:11Z" finished-at="2019-05-20T02:19:25Z">
          <reporter-output>
          </reporter-output>
        </test-method> <!-- setUp -->
        <test-method status="PASS" signature="verifyCorrectSignIn()[pri:2, instance:com.callhub.flipkart.tests.HomepageTest@747ddf94]" name="verifyCorrectSignIn" duration-ms="28" started-at="2019-05-20T02:19:25Z" finished-at="2019-05-20T02:19:25Z">
          <reporter-output>
          </reporter-output>
        </test-method> <!-- verifyCorrectSignIn -->
        <test-method status="PASS" signature="teardown()[pri:0, instance:com.callhub.flipkart.tests.HomepageTest@747ddf94]" name="teardown" is-config="true" duration-ms="2339" started-at="2019-05-20T02:19:25Z" finished-at="2019-05-20T02:19:28Z">
          <reporter-output>
          </reporter-output>
        </test-method> <!-- teardown -->
        <test-method status="PASS" signature="setUp()[pri:0, instance:com.callhub.flipkart.tests.HomepageTest@747ddf94]" name="setUp" is-config="true" duration-ms="13730" started-at="2019-05-20T02:19:28Z" finished-at="2019-05-20T02:19:41Z">
          <reporter-output>
          </reporter-output>
        </test-method> <!-- setUp -->
        <test-method status="FAIL" signature="searchProduct()[pri:3, instance:com.callhub.flipkart.tests.HomepageTest@747ddf94]" name="searchProduct" duration-ms="222" started-at="2019-05-20T02:19:41Z" finished-at="2019-05-20T02:19:42Z">
          <exception class="java.lang.AssertionError">
            <message>
              <![CDATA[expected [Iphone7 - Buy Products Online at Best Price in India - All Categories | Flipkart.com] but found [Online Shopping Site for Mobiles, Electronics, Furniture, Grocery, Lifestyle, Books & More. Best Offers!]]]>
            </message>
            <full-stacktrace>
              <![CDATA[java.lang.AssertionError: expected [Iphone7 - Buy Products Online at Best Price in India - All Categories | Flipkart.com] but found [Online Shopping Site for Mobiles, Electronics, Furniture, Grocery, Lifestyle, Books & More. Best Offers!]
at org.testng.Assert.fail(Assert.java:96)
at org.testng.Assert.failNotEquals(Assert.java:776)
at org.testng.Assert.assertEqualsImpl(Assert.java:137)
at org.testng.Assert.assertEquals(Assert.java:118)
at org.testng.Assert.assertEquals(Assert.java:453)
at org.testng.Assert.assertEquals(Assert.java:463)
at com.callhub.flipkart.tests.HomepageTest.searchProduct(HomepageTest.java:67)
at sun.reflect.NativeMethodAccessorImpl.invoke0(Native Method)
at sun.reflect.NativeMethodAccessorImpl.invoke(NativeMethodAccessorImpl.java:62)
at sun.reflect.DelegatingMethodAccessorImpl.invoke(DelegatingMethodAccessorImpl.java:43)
at java.lang.reflect.Method.invoke(Method.java:498)
at org.testng.internal.MethodInvocationHelper.invokeMethod(MethodInvocationHelper.java:124)
at org.testng.internal.Invoker.invokeMethod(Invoker.java:580)
at org.testng.internal.Invoker.invokeTestMethod(Invoker.java:716)
at org.testng.internal.Invoker.invokeTestMethods(Invoker.java:988)
at org.testng.internal.TestMethodWorker.invokeTestMethods(TestMethodWorker.java:125)
at org.testng.internal.TestMethodWorker.run(TestMethodWorker.java:109)
at org.testng.TestRunner.privateRun(TestRunner.java:648)
at org.testng.TestRunner.run(TestRunner.java:505)
at org.testng.SuiteRunner.runTest(SuiteRunner.java:455)
at org.testng.SuiteRunner.runSequentially(SuiteRunner.java:450)
at org.testng.SuiteRunner.privateRun(SuiteRunner.java:415)
at org.testng.SuiteRunner.run(SuiteRunner.java:364)
at org.testng.SuiteRunnerWorker.runSuite(SuiteRunnerWorker.java:52)
at org.testng.SuiteRunnerWorker.run(SuiteRunnerWorker.java:84)
at org.testng.TestNG.runSuitesSequentially(TestNG.java:1208)
at org.testng.TestNG.runSuitesLocally(TestNG.java:1137)
at org.testng.TestNG.runSuites(TestNG.java:1049)
at org.testng.TestNG.run(TestNG.java:1017)
at org.testng.remote.AbstractRemoteTestNG.run(AbstractRemoteTestNG.java:114)
at org.testng.remote.RemoteTestNG.initAndRun(RemoteTestNG.java:251)
at org.testng.remote.RemoteTestNG.main(RemoteTestNG.java:77)
]]>
            </full-stacktrace>
          </exception> <!-- java.lang.AssertionError -->
          <reporter-output>
          </reporter-output>
        </test-method> <!-- searchProduct -->
        <test-method status="PASS" signature="teardown()[pri:0, instance:com.callhub.flipkart.tests.HomepageTest@747ddf94]" name="teardown" is-config="true" duration-ms="87" started-at="2019-05-20T02:19:42Z" finished-at="2019-05-20T02:19:42Z">
          <reporter-output>
          </reporter-output>
        </test-method> <!-- teardown -->
      </class> <!-- com.callhub.flipkart.tests.HomepageTest -->
    </test> <!-- Default test -->
  </suite> <!-- Default suite -->
</testng-results>
