<?xml version="1.0" encoding="UTF-8"?>
<!-- Generated by org.testng.reporters.JUnitXMLReporter -->
<testsuite hostname="LAPTOP-SOVQ8MF1" ignored="0" name="CartpageTest" tests="3" failures="0" timestamp="20 May 2019 16:17:18 GMT" time="73.372" errors="0">
  <testcase name="ScreenshotCartPage" time="0.355" classname="com.callhub.flipkart.tests.CartPageTest"/>
  <testcase name="removeFromCart" time="0.278" classname="com.callhub.flipkart.tests.CartPageTest"/>
  <testcase name="logoutfromAppinCart" time="1.949" classname="com.callhub.flipkart.tests.CartPageTest"/>
</testsuite> <!-- CartpageTest -->
