<?xml version="1.0" encoding="UTF-8"?>
<!-- Generated by org.testng.reporters.JUnitXMLReporter -->
<testsuite hostname="LAPTOP-SOVQ8MF1" ignored="0" name="HomePageTest" tests="3" failures="0" timestamp="19 May 2019 16:38:08 GMT" time="35.845" errors="0">
  <testcase name="verifyHomePageTitileTest" time="0.008" classname="com.callhub.flipkart.tests.HomepageTest"/>
  <testcase name="verifyCorrectSignIn" time="1.661" classname="com.callhub.flipkart.tests.HomepageTest"/>
  <testcase name="searchProduct" time="0.18" classname="com.callhub.flipkart.tests.HomepageTest"/>
</testsuite> <!-- HomePageTest -->
