<?xml version="1.0" encoding="UTF-8"?>
<!-- Generated by org.testng.reporters.JUnitXMLReporter -->
<testsuite hostname="LAPTOP-SOVQ8MF1" ignored="0" name="HomePageTest" tests="3" failures="0" timestamp="19 May 2019 16:24:41 GMT" time="54.105" errors="0">
  <testcase name="verifyHomePageTitileTest" time="0.013" classname="com.callhub.flipkart.tests.HomepageTest"/>
  <testcase name="verifyCorrectSignIn" time="1.421" classname="com.callhub.flipkart.tests.HomepageTest"/>
  <testcase name="searchProduct" time="2.241" classname="com.callhub.flipkart.tests.HomepageTest"/>
</testsuite> <!-- HomePageTest -->
