<?xml version="1.0" encoding="UTF-8"?>
<!-- Generated by org.testng.reporters.JUnitXMLReporter -->
<testsuite hostname="LAPTOP-SOVQ8MF1" ignored="0" name="LoginPageTest" tests="2" failures="0" timestamp="20 May 2019 16:14:18 GMT" time="44.647" errors="0">
  <testcase name="LoginPageVerifyLogin" time="20.034" classname="com.callhub.flipkart.tests.LoginPageTest">
    <skipped/>
  </testcase> <!-- LoginPageVerifyLogin -->
  <testcase name="LoginPageVerifyLogin" time="3.737" classname="com.callhub.flipkart.tests.LoginPageTest"/>
</testsuite> <!-- LoginPageTest -->
