<?xml version="1.0" encoding="UTF-8"?>
<!-- Generated by org.testng.reporters.JUnitXMLReporter -->
<testsuite hostname="LAPTOP-SOVQ8MF1" ignored="0" name="SearchPageTest" tests="2" failures="0" timestamp="19 May 2019 17:01:19 GMT" time="34.19" errors="0">
  <testcase name="countProductsOnPage" time="0.765" classname="com.callhub.flipkart.tests.SearchPageTest"/>
  <testcase name="clickonProduct" time="0.108" classname="com.callhub.flipkart.tests.SearchPageTest"/>
</testsuite> <!-- SearchPageTest -->
